<?xml version="1.0" encoding="UTF-8"?>
<coverage generated="1782651171868" clover="3.2.0">
  <project timestamp="1782651171868" name="All files">
    <metrics statements="91" coveredstatements="64" conditionals="95" coveredconditionals="63" methods="25" coveredmethods="15" elements="211" coveredelements="142" complexity="0" loc="91" ncloc="91" packages="2" files="3" classes="3"/>
    <package name="data">
      <metrics statements="10" coveredstatements="10" conditionals="2" coveredconditionals="2" methods="4" coveredmethods="4"/>
      <file name="portionWeights.ts" path="C:\Users\kirma\IdeaProjects\declic\src\data\portionWeights.ts">
        <metrics statements="10" coveredstatements="10" conditionals="2" coveredconditionals="2" methods="4" coveredmethods="4"/>
        <line num="28" count="1" type="stmt"/>
        <line num="173" count="873" type="stmt"/>
        <line num="177" count="15" type="stmt"/>
        <line num="179" count="15" type="stmt"/>
        <line num="182" count="857" type="stmt"/>
        <line num="183" count="858" type="stmt"/>
        <line num="184" count="863" type="stmt"/>
        <line num="186" count="857" type="cond" truecount="2" falsecount="0"/>
        <line num="187" count="10" type="stmt"/>
        <line num="190" count="5" type="stmt"/>
      </file>
    </package>
    <package name="services">
      <metrics statements="81" coveredstatements="54" conditionals="93" coveredconditionals="61" methods="21" coveredmethods="11"/>
      <file name="ciqualSearch.ts" path="C:\Users\kirma\IdeaProjects\declic\src\services\ciqualSearch.ts">
        <metrics statements="16" coveredstatements="15" conditionals="12" coveredconditionals="11" methods="12" coveredmethods="10"/>
        <line num="21" count="1" type="stmt"/>
        <line num="24" count="14" type="cond" truecount="2" falsecount="0"/>
        <line num="25" count="1" type="stmt"/>
        <line num="26" count="1" type="stmt"/>
        <line num="35" count="14" type="stmt"/>
        <line num="39" count="44" type="stmt"/>
        <line num="45" count="30" type="stmt"/>
        <line num="46" count="30" type="stmt"/>
        <line num="47" count="64" type="stmt"/>
        <line num="52" count="16" type="cond" truecount="4" falsecount="0"/>
        <line num="54" count="14" type="stmt"/>
        <line num="56" count="14" type="stmt"/>
        <line num="58" count="30" type="stmt"/>
        <line num="61" count="10" type="stmt"/>
        <line num="63" count="21" type="stmt"/>
        <line num="76" count="0" type="stmt"/>
      </file>
      <file name="openFoodFacts.ts" path="C:\Users\kirma\IdeaProjects\declic\src\services\openFoodFacts.ts">
        <metrics statements="65" coveredstatements="39" conditionals="81" coveredconditionals="50" methods="9" coveredmethods="1"/>
        <line num="16" count="11" type="cond" truecount="1" falsecount="1"/>
        <line num="18" count="11" type="cond" truecount="3" falsecount="0"/>
        <line num="19" count="11" type="cond" truecount="2" falsecount="0"/>
        <line num="20" count="11" type="cond" truecount="2" falsecount="0"/>
        <line num="23" count="11" type="cond" truecount="5" falsecount="0"/>
        <line num="31" count="11" type="cond" truecount="3" falsecount="0"/>
        <line num="32" count="11" type="cond" truecount="3" falsecount="0"/>
        <line num="33" count="11" type="cond" truecount="3" falsecount="0"/>
        <line num="38" count="11" type="stmt"/>
        <line num="39" count="11" type="stmt"/>
        <line num="41" count="11" type="cond" truecount="5" falsecount="0"/>
        <line num="42" count="1" type="stmt"/>
        <line num="43" count="1" type="stmt"/>
        <line num="44" count="1" type="cond" truecount="1" falsecount="1"/>
        <line num="45" count="1" type="stmt"/>
        <line num="46" count="1" type="cond" truecount="1" falsecount="1"/>
        <line num="47" count="1" type="stmt"/>
        <line num="48" count="1" type="cond" truecount="1" falsecount="1"/>
        <line num="49" count="1" type="stmt"/>
        <line num="56" count="10" type="cond" truecount="4" falsecount="0"/>
        <line num="57" count="8" type="stmt"/>
        <line num="58" count="8" type="stmt"/>
        <line num="59" count="8" type="stmt"/>
        <line num="60" count="8" type="stmt"/>
        <line num="61" count="2" type="cond" truecount="4" falsecount="0"/>
        <line num="62" count="1" type="stmt"/>
        <line num="63" count="1" type="stmt"/>
        <line num="64" count="1" type="stmt"/>
        <line num="65" count="1" type="stmt"/>
        <line num="67" count="1" type="stmt"/>
        <line num="70" count="10" type="cond" truecount="3" falsecount="0"/>
        <line num="71" count="10" type="cond" truecount="2" falsecount="0"/>
        <line num="73" count="9" type="stmt"/>
        <line num="75" count="9" type="cond" truecount="2" falsecount="0"/>
        <line num="76" count="7" type="cond" truecount="1" falsecount="1"/>
        <line num="77" count="7" type="cond" truecount="4" falsecount="0"/>
        <line num="79" count="7" type="stmt"/>
        <line num="93" count="1" type="stmt"/>
        <line num="94" count="1" type="stmt"/>
        <line num="97" count="0" type="stmt"/>
        <line num="101" count="0" type="stmt"/>
        <line num="104" count="0" type="stmt"/>
        <line num="110" count="0" type="stmt"/>
        <line num="120" count="0" type="stmt"/>
        <line num="121" count="0" type="stmt"/>
        <line num="122" count="0" type="cond" truecount="0" falsecount="2"/>
        <line num="123" count="0" type="stmt"/>
        <line num="126" count="0" type="stmt"/>
        <line num="128" count="0" type="cond" truecount="0" falsecount="2"/>
        <line num="130" count="0" type="cond" truecount="0" falsecount="2"/>
        <line num="132" count="0" type="cond" truecount="0" falsecount="2"/>
        <line num="133" count="0" type="cond" truecount="0" falsecount="2"/>
        <line num="134" count="0" type="cond" truecount="0" falsecount="2"/>
        <line num="135" count="0" type="cond" truecount="0" falsecount="2"/>
        <line num="137" count="0" type="cond" truecount="0" falsecount="2"/>
        <line num="138" count="0" type="cond" truecount="0" falsecount="2"/>
        <line num="140" count="0" type="cond" truecount="0" falsecount="2"/>
        <line num="148" count="0" type="stmt"/>
        <line num="149" count="0" type="stmt"/>
        <line num="150" count="0" type="cond" truecount="0" falsecount="2"/>
        <line num="151" count="0" type="stmt"/>
        <line num="152" count="0" type="cond" truecount="0" falsecount="2"/>
        <line num="154" count="0" type="stmt"/>
        <line num="155" count="0" type="cond" truecount="0" falsecount="2"/>
        <line num="156" count="0" type="stmt"/>
      </file>
    </package>
  </project>
</coverage>
