{"C:\\Users\\kirma\\IdeaProjects\\declic\\src\\data\\portionWeights.ts": {"path":"C:\\Users\\kirma\\IdeaProjects\\declic\\src\\data\\portionWeights.ts","statementMap":{"0":{"start":{"line":28,"column":33},"end":{"line":163,"column":1}},"1":{"start":{"line":173,"column":2},"end":{"line":173,"column":74}},"2":{"start":{"line":177,"column":20},"end":{"line":177,"column":78}},"3":{"start":{"line":179,"column":2},"end":{"line":189,"column":3}},"4":{"start":{"line":182,"column":21},"end":{"line":185,"column":6}},"5":{"start":{"line":183,"column":22},"end":{"line":183,"column":64}},"6":{"start":{"line":184,"column":6},"end":{"line":184,"column":65}},"7":{"start":{"line":184,"column":37},"end":{"line":184,"column":63}},"8":{"start":{"line":186,"column":4},"end":{"line":188,"column":5}},"9":{"start":{"line":187,"column":6},"end":{"line":187,"column":54}},"10":{"start":{"line":190,"column":2},"end":{"line":190,"column":14}}},"fnMap":{"0":{"name":"normalize","decl":{"start":{"line":172,"column":9},"end":{"line":172,"column":18}},"loc":{"start":{"line":172,"column":38},"end":{"line":174,"column":1}},"line":172},"1":{"name":"lookupPortionWeight","decl":{"start":{"line":176,"column":16},"end":{"line":176,"column":35}},"loc":{"start":{"line":176,"column":73},"end":{"line":191,"column":1}},"line":176},"2":{"name":"(anonymous_2)","decl":{"start":{"line":182,"column":42},"end":{"line":182,"column":43}},"loc":{"start":{"line":182,"column":50},"end":{"line":185,"column":5}},"line":182},"3":{"name":"(anonymous_3)","decl":{"start":{"line":184,"column":27},"end":{"line":184,"column":28}},"loc":{"start":{"line":184,"column":37},"end":{"line":184,"column":63}},"line":184}},"branchMap":{"0":{"loc":{"start":{"line":186,"column":4},"end":{"line":188,"column":5}},"type":"if","locations":[{"start":{"line":186,"column":4},"end":{"line":188,"column":5}},{"start":{},"end":{}}],"line":186}},"s":{"0":1,"1":873,"2":15,"3":15,"4":857,"5":858,"6":858,"7":863,"8":857,"9":10,"10":5},"f":{"0":873,"1":15,"2":858,"3":863},"b":{"0":[10,847]},"_coverageSchema":"1a1c01bbd47fc00a2c39e90264f33305004495a9","hash":"7ef82014e8691b4b1b2eae7824105c569381f2af"}
,"C:\\Users\\kirma\\IdeaProjects\\declic\\src\\services\\ciqualSearch.ts": {"path":"C:\\Users\\kirma\\IdeaProjects\\declic\\src\\services\\ciqualSearch.ts","statementMap":{"0":{"start":{"line":21,"column":37},"end":{"line":21,"column":41}},"1":{"start":{"line":24,"column":2},"end":{"line":34,"column":3}},"2":{"start":{"line":25,"column":16},"end":{"line":25,"column":62}},"3":{"start":{"line":26,"column":4},"end":{"line":33,"column":7}},"4":{"start":{"line":35,"column":2},"end":{"line":35,"column":14}},"5":{"start":{"line":39,"column":2},"end":{"line":39,"column":74}},"6":{"start":{"line":45,"column":20},"end":{"line":45,"column":74}},"7":{"start":{"line":46,"column":2},"end":{"line":48,"column":4}},"8":{"start":{"line":47,"column":4},"end":{"line":47,"column":43}},"9":{"start":{"line":47,"column":25},"end":{"line":47,"column":42}},"10":{"start":{"line":52,"column":2},"end":{"line":52,"column":51}},"11":{"start":{"line":52,"column":41},"end":{"line":52,"column":51}},"12":{"start":{"line":54,"column":21},"end":{"line":54,"column":84}},"13":{"start":{"line":54,"column":70},"end":{"line":54,"column":83}},"14":{"start":{"line":56,"column":2},"end":{"line":70,"column":8}},"15":{"start":{"line":58,"column":26},"end":{"line":58,"column":66}},"16":{"start":{"line":61,"column":20},"end":{"line":61,"column":59}},"17":{"start":{"line":63,"column":24},"end":{"line":70,"column":5}},"18":{"start":{"line":76,"column":2},"end":{"line":76,"column":33}},"19":{"start":{"line":76,"column":19},"end":{"line":76,"column":28}}},"fnMap":{"0":{"name":"getFuse","decl":{"start":{"line":23,"column":9},"end":{"line":23,"column":16}},"loc":{"start":{"line":23,"column":38},"end":{"line":36,"column":1}},"line":23},"1":{"name":"normalize","decl":{"start":{"line":38,"column":9},"end":{"line":38,"column":18}},"loc":{"start":{"line":38,"column":38},"end":{"line":40,"column":1}},"line":38},"2":{"name":"matchesWordPrefix","decl":{"start":{"line":44,"column":9},"end":{"line":44,"column":26}},"loc":{"start":{"line":44,"column":72},"end":{"line":49,"column":1}},"line":44},"3":{"name":"(anonymous_3)","decl":{"start":{"line":46,"column":26},"end":{"line":46,"column":27}},"loc":{"start":{"line":47,"column":4},"end":{"line":47,"column":43}},"line":47},"4":{"name":"(anonymous_4)","decl":{"start":{"line":47,"column":19},"end":{"line":47,"column":20}},"loc":{"start":{"line":47,"column":25},"end":{"line":47,"column":42}},"line":47},"5":{"name":"searchCiqual","decl":{"start":{"line":51,"column":16},"end":{"line":51,"column":28}},"loc":{"start":{"line":51,"column":71},"end":{"line":71,"column":1}},"line":51},"6":{"name":"(anonymous_6)","decl":{"start":{"line":54,"column":65},"end":{"line":54,"column":66}},"loc":{"start":{"line":54,"column":70},"end":{"line":54,"column":83}},"line":54},"7":{"name":"(anonymous_7)","decl":{"start":{"line":58,"column":12},"end":{"line":58,"column":13}},"loc":{"start":{"line":58,"column":26},"end":{"line":58,"column":66}},"line":58},"8":{"name":"(anonymous_8)","decl":{"start":{"line":61,"column":10},"end":{"line":61,"column":11}},"loc":{"start":{"line":61,"column":20},"end":{"line":61,"column":59}},"line":61},"9":{"name":"(anonymous_9)","decl":{"start":{"line":63,"column":9},"end":{"line":63,"column":10}},"loc":{"start":{"line":63,"column":24},"end":{"line":70,"column":5}},"line":63},"10":{"name":"warmupCiqual","decl":{"start":{"line":75,"column":16},"end":{"line":75,"column":28}},"loc":{"start":{"line":75,"column":37},"end":{"line":77,"column":1}},"line":75},"11":{"name":"(anonymous_11)","decl":{"start":{"line":76,"column":13},"end":{"line":76,"column":14}},"loc":{"start":{"line":76,"column":19},"end":{"line":76,"column":28}},"line":76}},"branchMap":{"0":{"loc":{"start":{"line":24,"column":2},"end":{"line":34,"column":3}},"type":"if","locations":[{"start":{"line":24,"column":2},"end":{"line":34,"column":3}},{"start":{},"end":{}}],"line":24},"1":{"loc":{"start":{"line":51,"column":44},"end":{"line":51,"column":53}},"type":"default-arg","locations":[{"start":{"line":51,"column":52},"end":{"line":51,"column":53}}],"line":51},"2":{"loc":{"start":{"line":52,"column":2},"end":{"line":52,"column":51}},"type":"if","locations":[{"start":{"line":52,"column":2},"end":{"line":52,"column":51}},{"start":{},"end":{}}],"line":52},"3":{"loc":{"start":{"line":52,"column":6},"end":{"line":52,"column":39}},"type":"binary-expr","locations":[{"start":{"line":52,"column":6},"end":{"line":52,"column":12}},{"start":{"line":52,"column":16},"end":{"line":52,"column":39}}],"line":52},"4":{"loc":{"start":{"line":67,"column":8},"end":{"line":69,"column":16}},"type":"cond-expr","locations":[{"start":{"line":68,"column":12},"end":{"line":68,"column":71}},{"start":{"line":69,"column":12},"end":{"line":69,"column":16}}],"line":67},"5":{"loc":{"start":{"line":67,"column":8},"end":{"line":67,"column":70}},"type":"binary-expr","locations":[{"start":{"line":67,"column":8},"end":{"line":67,"column":28}},{"start":{"line":67,"column":32},"end":{"line":67,"column":50}},{"start":{"line":67,"column":54},"end":{"line":67,"column":70}}],"line":67}},"s":{"0":1,"1":14,"2":1,"3":1,"4":14,"5":44,"6":30,"7":30,"8":30,"9":64,"10":16,"11":2,"12":14,"13":14,"14":14,"15":30,"16":10,"17":21,"18":0,"19":0},"f":{"0":14,"1":44,"2":30,"3":30,"4":64,"5":16,"6":14,"7":30,"8":10,"9":21,"10":0,"11":0},"b":{"0":[1,13],"1":[15],"2":[2,14],"3":[16,15],"4":[21,0],"5":[21,21,21]},"_coverageSchema":"1a1c01bbd47fc00a2c39e90264f33305004495a9","hash":"b90376bb57ccb780d9be417b7ad64ef36357661c"}
,"C:\\Users\\kirma\\IdeaProjects\\declic\\src\\services\\openFoodFacts.ts": {"path":"C:\\Users\\kirma\\IdeaProjects\\declic\\src\\services\\openFoodFacts.ts","statementMap":{"0":{"start":{"line":16,"column":12},"end":{"line":16,"column":30}},"1":{"start":{"line":18,"column":24},"end":{"line":18,"column":71}},"2":{"start":{"line":19,"column":22},"end":{"line":19,"column":53}},"3":{"start":{"line":20,"column":20},"end":{"line":20,"column":41}},"4":{"start":{"line":23,"column":4},"end":{"line":29,"column":12}},"5":{"start":{"line":31,"column":19},"end":{"line":31,"column":68}},"6":{"start":{"line":32,"column":17},"end":{"line":32,"column":64}},"7":{"start":{"line":33,"column":22},"end":{"line":33,"column":82}},"8":{"start":{"line":38,"column":32},"end":{"line":38,"column":36}},"9":{"start":{"line":39,"column":30},"end":{"line":39,"column":34}},"10":{"start":{"line":41,"column":2},"end":{"line":68,"column":3}},"11":{"start":{"line":42,"column":4},"end":{"line":42,"column":39}},"12":{"start":{"line":43,"column":4},"end":{"line":43,"column":49}},"13":{"start":{"line":44,"column":4},"end":{"line":44,"column":79}},"14":{"start":{"line":45,"column":18},"end":{"line":45,"column":70}},"15":{"start":{"line":46,"column":4},"end":{"line":55,"column":5}},"16":{"start":{"line":47,"column":6},"end":{"line":47,"column":38}},"17":{"start":{"line":48,"column":6},"end":{"line":54,"column":7}},"18":{"start":{"line":49,"column":8},"end":{"line":53,"column":10}},"19":{"start":{"line":56,"column":9},"end":{"line":68,"column":3}},"20":{"start":{"line":57,"column":4},"end":{"line":57,"column":36}},"21":{"start":{"line":58,"column":4},"end":{"line":58,"column":30}},"22":{"start":{"line":59,"column":4},"end":{"line":59,"column":27}},"23":{"start":{"line":60,"column":4},"end":{"line":60,"column":26}},"24":{"start":{"line":61,"column":9},"end":{"line":68,"column":3}},"25":{"start":{"line":62,"column":4},"end":{"line":62,"column":42}},"26":{"start":{"line":63,"column":4},"end":{"line":63,"column":30}},"27":{"start":{"line":64,"column":4},"end":{"line":64,"column":27}},"28":{"start":{"line":65,"column":4},"end":{"line":65,"column":26}},"29":{"start":{"line":67,"column":4},"end":{"line":67,"column":16}},"30":{"start":{"line":70,"column":15},"end":{"line":70,"column":72}},"31":{"start":{"line":71,"column":2},"end":{"line":71,"column":25}},"32":{"start":{"line":71,"column":13},"end":{"line":71,"column":25}},"33":{"start":{"line":73,"column":20},"end":{"line":73,"column":76}},"34":{"start":{"line":75,"column":2},"end":{"line":75,"column":40}},"35":{"start":{"line":75,"column":28},"end":{"line":75,"column":40}},"36":{"start":{"line":76,"column":19},"end":{"line":76,"column":63}},"37":{"start":{"line":77,"column":16},"end":{"line":77,"column":75}},"38":{"start":{"line":79,"column":2},"end":{"line":89,"column":4}},"39":{"start":{"line":93,"column":19},"end":{"line":93,"column":114}},"40":{"start":{"line":94,"column":18},"end":{"line":94,"column":74}},"41":{"start":{"line":97,"column":2},"end":{"line":97,"column":74}},"42":{"start":{"line":101,"column":20},"end":{"line":101,"column":78}},"43":{"start":{"line":104,"column":2},"end":{"line":104,"column":73}},"44":{"start":{"line":104,"column":32},"end":{"line":104,"column":71}},"45":{"start":{"line":104,"column":53},"end":{"line":104,"column":70}},"46":{"start":{"line":110,"column":17},"end":{"line":119,"column":4}},"47":{"start":{"line":120,"column":14},"end":{"line":120,"column":71}},"48":{"start":{"line":121,"column":19},"end":{"line":121,"column":47}},"49":{"start":{"line":122,"column":2},"end":{"line":122,"column":30}},"50":{"start":{"line":122,"column":20},"end":{"line":122,"column":30}},"51":{"start":{"line":123,"column":15},"end":{"line":123,"column":36}},"52":{"start":{"line":126,"column":21},"end":{"line":128,"column":53}},"53":{"start":{"line":128,"column":17},"end":{"line":128,"column":52}},"54":{"start":{"line":130,"column":2},"end":{"line":144,"column":35}},"55":{"start":{"line":132,"column":21},"end":{"line":132,"column":53}},"56":{"start":{"line":133,"column":22},"end":{"line":133,"column":51}},"57":{"start":{"line":134,"column":20},"end":{"line":134,"column":57}},"58":{"start":{"line":135,"column":19},"end":{"line":135,"column":36}},"59":{"start":{"line":137,"column":6},"end":{"line":137,"column":30}},"60":{"start":{"line":137,"column":17},"end":{"line":137,"column":30}},"61":{"start":{"line":138,"column":6},"end":{"line":138,"column":45}},"62":{"start":{"line":138,"column":32},"end":{"line":138,"column":45}},"63":{"start":{"line":140,"column":6},"end":{"line":140,"column":98}},"64":{"start":{"line":148,"column":14},"end":{"line":148,"column":145}},"65":{"start":{"line":149,"column":19},"end":{"line":149,"column":35}},"66":{"start":{"line":150,"column":2},"end":{"line":150,"column":71}},"67":{"start":{"line":150,"column":20},"end":{"line":150,"column":71}},"68":{"start":{"line":151,"column":15},"end":{"line":151,"column":36}},"69":{"start":{"line":152,"column":2},"end":{"line":152,"column":105}},"70":{"start":{"line":152,"column":25},"end":{"line":152,"column":105}},"71":{"start":{"line":154,"column":18},"end":{"line":154,"column":66}},"72":{"start":{"line":155,"column":2},"end":{"line":155,"column":90}},"73":{"start":{"line":155,"column":16},"end":{"line":155,"column":90}},"74":{"start":{"line":156,"column":2},"end":{"line":156,"column":17}}},"fnMap":{"0":{"name":"parseProduct","decl":{"start":{"line":15,"column":16},"end":{"line":15,"column":28}},"loc":{"start":{"line":15,"column":57},"end":{"line":90,"column":1}},"line":15},"1":{"name":"normalizeStr","decl":{"start":{"line":96,"column":9},"end":{"line":96,"column":21}},"loc":{"start":{"line":96,"column":41},"end":{"line":98,"column":1}},"line":96},"2":{"name":"wordPrefixMatch","decl":{"start":{"line":100,"column":9},"end":{"line":100,"column":24}},"loc":{"start":{"line":100,"column":70},"end":{"line":105,"column":1}},"line":100},"3":{"name":"(anonymous_3)","decl":{"start":{"line":104,"column":26},"end":{"line":104,"column":27}},"loc":{"start":{"line":104,"column":32},"end":{"line":104,"column":71}},"line":104},"4":{"name":"(anonymous_4)","decl":{"start":{"line":104,"column":47},"end":{"line":104,"column":48}},"loc":{"start":{"line":104,"column":53},"end":{"line":104,"column":70}},"line":104},"5":{"name":"searchByName","decl":{"start":{"line":107,"column":22},"end":{"line":107,"column":34}},"loc":{"start":{"line":107,"column":96},"end":{"line":145,"column":1}},"line":107},"6":{"name":"(anonymous_6)","decl":{"start":{"line":128,"column":12},"end":{"line":128,"column":13}},"loc":{"start":{"line":128,"column":17},"end":{"line":128,"column":52}},"line":128},"7":{"name":"(anonymous_7)","decl":{"start":{"line":131,"column":12},"end":{"line":131,"column":13}},"loc":{"start":{"line":131,"column":24},"end":{"line":141,"column":5}},"line":131},"8":{"name":"lookupBarcode","decl":{"start":{"line":147,"column":22},"end":{"line":147,"column":35}},"loc":{"start":{"line":147,"column":75},"end":{"line":157,"column":1}},"line":147}},"branchMap":{"0":{"loc":{"start":{"line":16,"column":12},"end":{"line":16,"column":30}},"type":"binary-expr","locations":[{"start":{"line":16,"column":12},"end":{"line":16,"column":24}},{"start":{"line":16,"column":28},"end":{"line":16,"column":30}}],"line":16},"1":{"loc":{"start":{"line":18,"column":24},"end":{"line":18,"column":71}},"type":"binary-expr","locations":[{"start":{"line":18,"column":24},"end":{"line":18,"column":42}},{"start":{"line":18,"column":46},"end":{"line":18,"column":63}},{"start":{"line":18,"column":67},"end":{"line":18,"column":71}}],"line":18},"2":{"loc":{"start":{"line":19,"column":22},"end":{"line":19,"column":53}},"type":"binary-expr","locations":[{"start":{"line":19,"column":22},"end":{"line":19,"column":45}},{"start":{"line":19,"column":49},"end":{"line":19,"column":53}}],"line":19},"3":{"loc":{"start":{"line":20,"column":20},"end":{"line":20,"column":41}},"type":"binary-expr","locations":[{"start":{"line":20,"column":20},"end":{"line":20,"column":33}},{"start":{"line":20,"column":37},"end":{"line":20,"column":41}}],"line":20},"4":{"loc":{"start":{"line":23,"column":4},"end":{"line":29,"column":12}},"type":"cond-expr","locations":[{"start":{"line":24,"column":8},"end":{"line":28,"column":9}},{"start":{"line":29,"column":8},"end":{"line":29,"column":12}}],"line":23},"5":{"loc":{"start":{"line":23,"column":4},"end":{"line":23,"column":69}},"type":"binary-expr","locations":[{"start":{"line":23,"column":4},"end":{"line":23,"column":25}},{"start":{"line":23,"column":29},"end":{"line":23,"column":48}},{"start":{"line":23,"column":52},"end":{"line":23,"column":69}}],"line":23},"6":{"loc":{"start":{"line":31,"column":19},"end":{"line":31,"column":68}},"type":"binary-expr","locations":[{"start":{"line":31,"column":19},"end":{"line":31,"column":40}},{"start":{"line":31,"column":44},"end":{"line":31,"column":60}},{"start":{"line":31,"column":64},"end":{"line":31,"column":68}}],"line":31},"7":{"loc":{"start":{"line":32,"column":17},"end":{"line":32,"column":64}},"type":"binary-expr","locations":[{"start":{"line":32,"column":17},"end":{"line":32,"column":33}},{"start":{"line":32,"column":37},"end":{"line":32,"column":56}},{"start":{"line":32,"column":60},"end":{"line":32,"column":64}}],"line":32},"8":{"loc":{"start":{"line":33,"column":22},"end":{"line":33,"column":82}},"type":"binary-expr","locations":[{"start":{"line":33,"column":22},"end":{"line":33,"column":46}},{"start":{"line":33,"column":50},"end":{"line":33,"column":74}},{"start":{"line":33,"column":78},"end":{"line":33,"column":82}}],"line":33},"9":{"loc":{"start":{"line":41,"column":2},"end":{"line":68,"column":3}},"type":"if","locations":[{"start":{"line":41,"column":2},"end":{"line":68,"column":3}},{"start":{"line":56,"column":9},"end":{"line":68,"column":3}}],"line":41},"10":{"loc":{"start":{"line":41,"column":6},"end":{"line":41,"column":54}},"type":"binary-expr","locations":[{"start":{"line":41,"column":6},"end":{"line":41,"column":17}},{"start":{"line":41,"column":21},"end":{"line":41,"column":36}},{"start":{"line":41,"column":40},"end":{"line":41,"column":54}}],"line":41},"11":{"loc":{"start":{"line":44,"column":21},"end":{"line":44,"column":78}},"type":"cond-expr","locations":[{"start":{"line":44,"column":32},"end":{"line":44,"column":52}},{"start":{"line":44,"column":55},"end":{"line":44,"column":78}}],"line":44},"12":{"loc":{"start":{"line":46,"column":4},"end":{"line":55,"column":5}},"type":"if","locations":[{"start":{"line":46,"column":4},"end":{"line":55,"column":5}},{"start":{},"end":{}}],"line":46},"13":{"loc":{"start":{"line":48,"column":6},"end":{"line":54,"column":7}},"type":"if","locations":[{"start":{"line":48,"column":6},"end":{"line":54,"column":7}},{"start":{},"end":{}}],"line":48},"14":{"loc":{"start":{"line":56,"column":9},"end":{"line":68,"column":3}},"type":"if","locations":[{"start":{"line":56,"column":9},"end":{"line":68,"column":3}},{"start":{"line":61,"column":9},"end":{"line":68,"column":3}}],"line":56},"15":{"loc":{"start":{"line":56,"column":13},"end":{"line":56,"column":37}},"type":"binary-expr","locations":[{"start":{"line":56,"column":13},"end":{"line":56,"column":21}},{"start":{"line":56,"column":25},"end":{"line":56,"column":37}}],"line":56},"16":{"loc":{"start":{"line":61,"column":9},"end":{"line":68,"column":3}},"type":"if","locations":[{"start":{"line":61,"column":9},"end":{"line":68,"column":3}},{"start":{"line":66,"column":9},"end":{"line":68,"column":3}}],"line":61},"17":{"loc":{"start":{"line":61,"column":13},"end":{"line":61,"column":33}},"type":"binary-expr","locations":[{"start":{"line":61,"column":13},"end":{"line":61,"column":19}},{"start":{"line":61,"column":23},"end":{"line":61,"column":33}}],"line":61},"18":{"loc":{"start":{"line":70,"column":15},"end":{"line":70,"column":72}},"type":"binary-expr","locations":[{"start":{"line":70,"column":15},"end":{"line":70,"column":40}},{"start":{"line":70,"column":44},"end":{"line":70,"column":66}},{"start":{"line":70,"column":70},"end":{"line":70,"column":72}}],"line":70},"19":{"loc":{"start":{"line":71,"column":2},"end":{"line":71,"column":25}},"type":"if","locations":[{"start":{"line":71,"column":2},"end":{"line":71,"column":25}},{"start":{},"end":{}}],"line":71},"20":{"loc":{"start":{"line":75,"column":2},"end":{"line":75,"column":40}},"type":"if","locations":[{"start":{"line":75,"column":2},"end":{"line":75,"column":40}},{"start":{},"end":{}}],"line":75},"21":{"loc":{"start":{"line":76,"column":19},"end":{"line":76,"column":63}},"type":"binary-expr","locations":[{"start":{"line":76,"column":19},"end":{"line":76,"column":50}},{"start":{"line":76,"column":54},"end":{"line":76,"column":63}}],"line":76},"22":{"loc":{"start":{"line":77,"column":16},"end":{"line":77,"column":75}},"type":"cond-expr","locations":[{"start":{"line":77,"column":55},"end":{"line":77,"column":64}},{"start":{"line":77,"column":67},"end":{"line":77,"column":75}}],"line":77},"23":{"loc":{"start":{"line":77,"column":16},"end":{"line":77,"column":52}},"type":"binary-expr","locations":[{"start":{"line":77,"column":16},"end":{"line":77,"column":24}},{"start":{"line":77,"column":28},"end":{"line":77,"column":52}}],"line":77},"24":{"loc":{"start":{"line":122,"column":2},"end":{"line":122,"column":30}},"type":"if","locations":[{"start":{"line":122,"column":2},"end":{"line":122,"column":30}},{"start":{},"end":{}}],"line":122},"25":{"loc":{"start":{"line":128,"column":17},"end":{"line":128,"column":52}},"type":"binary-expr","locations":[{"start":{"line":128,"column":17},"end":{"line":128,"column":30}},{"start":{"line":128,"column":34},"end":{"line":128,"column":52}}],"line":128},"26":{"loc":{"start":{"line":130,"column":10},"end":{"line":130,"column":29}},"type":"binary-expr","locations":[{"start":{"line":130,"column":10},"end":{"line":130,"column":23}},{"start":{"line":130,"column":27},"end":{"line":130,"column":29}}],"line":130},"27":{"loc":{"start":{"line":132,"column":22},"end":{"line":132,"column":45}},"type":"binary-expr","locations":[{"start":{"line":132,"column":22},"end":{"line":132,"column":39}},{"start":{"line":132,"column":43},"end":{"line":132,"column":45}}],"line":132},"28":{"loc":{"start":{"line":133,"column":23},"end":{"line":133,"column":43}},"type":"binary-expr","locations":[{"start":{"line":133,"column":23},"end":{"line":133,"column":37}},{"start":{"line":133,"column":41},"end":{"line":133,"column":43}}],"line":133},"29":{"loc":{"start":{"line":134,"column":21},"end":{"line":134,"column":35}},"type":"binary-expr","locations":[{"start":{"line":134,"column":21},"end":{"line":134,"column":29}},{"start":{"line":134,"column":33},"end":{"line":134,"column":35}}],"line":134},"30":{"loc":{"start":{"line":135,"column":19},"end":{"line":135,"column":36}},"type":"binary-expr","locations":[{"start":{"line":135,"column":19},"end":{"line":135,"column":25}},{"start":{"line":135,"column":29},"end":{"line":135,"column":36}}],"line":135},"31":{"loc":{"start":{"line":137,"column":6},"end":{"line":137,"column":30}},"type":"if","locations":[{"start":{"line":137,"column":6},"end":{"line":137,"column":30}},{"start":{},"end":{}}],"line":137},"32":{"loc":{"start":{"line":138,"column":6},"end":{"line":138,"column":45}},"type":"if","locations":[{"start":{"line":138,"column":6},"end":{"line":138,"column":45}},{"start":{},"end":{}}],"line":138},"33":{"loc":{"start":{"line":140,"column":13},"end":{"line":140,"column":97}},"type":"binary-expr","locations":[{"start":{"line":140,"column":13},"end":{"line":140,"column":46}},{"start":{"line":140,"column":50},"end":{"line":140,"column":97}}],"line":140},"34":{"loc":{"start":{"line":150,"column":2},"end":{"line":150,"column":71}},"type":"if","locations":[{"start":{"line":150,"column":2},"end":{"line":150,"column":71}},{"start":{},"end":{}}],"line":150},"35":{"loc":{"start":{"line":152,"column":2},"end":{"line":152,"column":105}},"type":"if","locations":[{"start":{"line":152,"column":2},"end":{"line":152,"column":105}},{"start":{},"end":{}}],"line":152},"36":{"loc":{"start":{"line":155,"column":2},"end":{"line":155,"column":90}},"type":"if","locations":[{"start":{"line":155,"column":2},"end":{"line":155,"column":90}},{"start":{},"end":{}}],"line":155}},"s":{"0":11,"1":11,"2":11,"3":11,"4":11,"5":11,"6":11,"7":11,"8":11,"9":11,"10":11,"11":1,"12":1,"13":1,"14":1,"15":1,"16":1,"17":1,"18":1,"19":10,"20":8,"21":8,"22":8,"23":8,"24":2,"25":1,"26":1,"27":1,"28":1,"29":1,"30":10,"31":10,"32":1,"33":9,"34":9,"35":2,"36":7,"37":7,"38":7,"39":1,"40":1,"41":0,"42":0,"43":0,"44":0,"45":0,"46":0,"47":0,"48":0,"49":0,"50":0,"51":0,"52":0,"53":0,"54":0,"55":0,"56":0,"57":0,"58":0,"59":0,"60":0,"61":0,"62":0,"63":0,"64":0,"65":0,"66":0,"67":0,"68":0,"69":0,"70":0,"71":0,"72":0,"73":0,"74":0},"f":{"0":11,"1":0,"2":0,"3":0,"4":0,"5":0,"6":0,"7":0,"8":0},"b":{"0":[11,0],"1":[11,1,1],"2":[11,2],"3":[11,2],"4":[9,2],"5":[11,10,9],"6":[11,2,2],"7":[11,10,10],"8":[11,10,10],"9":[1,10],"10":[11,1,1],"11":[1,0],"12":[1,0],"13":[1,0],"14":[8,2],"15":[10,8],"16":[1,1],"17":[2,1],"18":[10,1,1],"19":[1,9],"20":[2,7],"21":[7,0],"22":[1,6],"23":[7,7],"24":[0,0],"25":[0,0],"26":[0,0],"27":[0,0],"28":[0,0],"29":[0,0],"30":[0,0],"31":[0,0],"32":[0,0],"33":[0,0],"34":[0,0],"35":[0,0],"36":[0,0]},"_coverageSchema":"1a1c01bbd47fc00a2c39e90264f33305004495a9","hash":"53ab5a8b975fe8cbb8a961e8da5ed52f0716fbf9"}
}
