TN:
SF:src\data\portionWeights.ts
FN:172,normalize
FN:176,lookupPortionWeight
FN:182,(anonymous_2)
FN:184,(anonymous_3)
FNF:4
FNH:4
FNDA:873,normalize
FNDA:15,lookupPortionWeight
FNDA:858,(anonymous_2)
FNDA:863,(anonymous_3)
DA:28,1
DA:173,873
DA:177,15
DA:179,15
DA:182,857
DA:183,858
DA:184,863
DA:186,857
DA:187,10
DA:190,5
LF:10
LH:10
BRDA:186,0,0,10
BRDA:186,0,1,847
BRF:2
BRH:2
end_of_record
TN:
SF:src\services\ciqualSearch.ts
FN:23,getFuse
FN:38,normalize
FN:44,matchesWordPrefix
FN:46,(anonymous_3)
FN:47,(anonymous_4)
FN:51,searchCiqual
FN:54,(anonymous_6)
FN:58,(anonymous_7)
FN:61,(anonymous_8)
FN:63,(anonymous_9)
FN:75,warmupCiqual
FN:76,(anonymous_11)
FNF:12
FNH:10
FNDA:14,getFuse
FNDA:44,normalize
FNDA:30,matchesWordPrefix
FNDA:30,(anonymous_3)
FNDA:64,(anonymous_4)
FNDA:16,searchCiqual
FNDA:14,(anonymous_6)
FNDA:30,(anonymous_7)
FNDA:10,(anonymous_8)
FNDA:21,(anonymous_9)
FNDA:0,warmupCiqual
FNDA:0,(anonymous_11)
DA:21,1
DA:24,14
DA:25,1
DA:26,1
DA:35,14
DA:39,44
DA:45,30
DA:46,30
DA:47,64
DA:52,16
DA:54,14
DA:56,14
DA:58,30
DA:61,10
DA:63,21
DA:76,0
LF:16
LH:15
BRDA:24,0,0,1
BRDA:24,0,1,13
BRDA:51,1,0,15
BRDA:52,2,0,2
BRDA:52,2,1,14
BRDA:52,3,0,16
BRDA:52,3,1,15
BRDA:67,4,0,21
BRDA:67,4,1,0
BRDA:67,5,0,21
BRDA:67,5,1,21
BRDA:67,5,2,21
BRF:12
BRH:11
end_of_record
TN:
SF:src\services\openFoodFacts.ts
FN:15,parseProduct
FN:96,normalizeStr
FN:100,wordPrefixMatch
FN:104,(anonymous_3)
FN:104,(anonymous_4)
FN:107,searchByName
FN:128,(anonymous_6)
FN:131,(anonymous_7)
FN:147,lookupBarcode
FNF:9
FNH:1
FNDA:11,parseProduct
FNDA:0,normalizeStr
FNDA:0,wordPrefixMatch
FNDA:0,(anonymous_3)
FNDA:0,(anonymous_4)
FNDA:0,searchByName
FNDA:0,(anonymous_6)
FNDA:0,(anonymous_7)
FNDA:0,lookupBarcode
DA:16,11
DA:18,11
DA:19,11
DA:20,11
DA:23,11
DA:31,11
DA:32,11
DA:33,11
DA:38,11
DA:39,11
DA:41,11
DA:42,1
DA:43,1
DA:44,1
DA:45,1
DA:46,1
DA:47,1
DA:48,1
DA:49,1
DA:56,10
DA:57,8
DA:58,8
DA:59,8
DA:60,8
DA:61,2
DA:62,1
DA:63,1
DA:64,1
DA:65,1
DA:67,1
DA:70,10
DA:71,10
DA:73,9
DA:75,9
DA:76,7
DA:77,7
DA:79,7
DA:93,1
DA:94,1
DA:97,0
DA:101,0
DA:104,0
DA:110,0
DA:120,0
DA:121,0
DA:122,0
DA:123,0
DA:126,0
DA:128,0
DA:130,0
DA:132,0
DA:133,0
DA:134,0
DA:135,0
DA:137,0
DA:138,0
DA:140,0
DA:148,0
DA:149,0
DA:150,0
DA:151,0
DA:152,0
DA:154,0
DA:155,0
DA:156,0
LF:65
LH:39
BRDA:16,0,0,11
BRDA:16,0,1,0
BRDA:18,1,0,11
BRDA:18,1,1,1
BRDA:18,1,2,1
BRDA:19,2,0,11
BRDA:19,2,1,2
BRDA:20,3,0,11
BRDA:20,3,1,2
BRDA:23,4,0,9
BRDA:23,4,1,2
BRDA:23,5,0,11
BRDA:23,5,1,10
BRDA:23,5,2,9
BRDA:31,6,0,11
BRDA:31,6,1,2
BRDA:31,6,2,2
BRDA:32,7,0,11
BRDA:32,7,1,10
BRDA:32,7,2,10
BRDA:33,8,0,11
BRDA:33,8,1,10
BRDA:33,8,2,10
BRDA:41,9,0,1
BRDA:41,9,1,10
BRDA:41,10,0,11
BRDA:41,10,1,1
BRDA:41,10,2,1
BRDA:44,11,0,1
BRDA:44,11,1,0
BRDA:46,12,0,1
BRDA:46,12,1,0
BRDA:48,13,0,1
BRDA:48,13,1,0
BRDA:56,14,0,8
BRDA:56,14,1,2
BRDA:56,15,0,10
BRDA:56,15,1,8
BRDA:61,16,0,1
BRDA:61,16,1,1
BRDA:61,17,0,2
BRDA:61,17,1,1
BRDA:70,18,0,10
BRDA:70,18,1,1
BRDA:70,18,2,1
BRDA:71,19,0,1
BRDA:71,19,1,9
BRDA:75,20,0,2
BRDA:75,20,1,7
BRDA:76,21,0,7
BRDA:76,21,1,0
BRDA:77,22,0,1
BRDA:77,22,1,6
BRDA:77,23,0,7
BRDA:77,23,1,7
BRDA:122,24,0,0
BRDA:122,24,1,0
BRDA:128,25,0,0
BRDA:128,25,1,0
BRDA:130,26,0,0
BRDA:130,26,1,0
BRDA:132,27,0,0
BRDA:132,27,1,0
BRDA:133,28,0,0
BRDA:133,28,1,0
BRDA:134,29,0,0
BRDA:134,29,1,0
BRDA:135,30,0,0
BRDA:135,30,1,0
BRDA:137,31,0,0
BRDA:137,31,1,0
BRDA:138,32,0,0
BRDA:138,32,1,0
BRDA:140,33,0,0
BRDA:140,33,1,0
BRDA:150,34,0,0
BRDA:150,34,1,0
BRDA:152,35,0,0
BRDA:152,35,1,0
BRDA:155,36,0,0
BRDA:155,36,1,0
BRF:81
BRH:50
end_of_record
